<?xml version="1.0" encoding="UTF-8"?>
<!-- Generated by org.testng.reporters.JUnitReportReporter -->
<testsuite hostname="Karthik" failures="0" tests="1" name="crmpackage.Login" time="3.101" errors="0" timestamp="2025-08-15T21:22:22 IST" skipped="0">
  <testcase classname="crmpackage.Login" name="crmLogin" time="3.101"/>
</testsuite> <!-- crmpackage.Login -->
